{"level":"error","message":"El nombre de usuario alex ya está tomado"}
{"level":"error","message":"Usuario inexistente"}
{"level":"error","message":"Usuario inexistente"}
{"level":"warn","message":"Ruta inexistente"}
{"level":"warn","message":"Ruta inexistente"}
{"level":"warn","message":"Ruta inexistente"}
{"level":"warn","message":"Ruta inexistente"}
{"level":"warn","message":"Ruta inexistente"}
{"level":"warn","message":"Ruta inexistente"}
{"level":"warn","message":"Ruta inexistente"}
{"level":"warn","message":"Ruta inexistente"}
{"level":"warn","message":"Ruta inexistente"}
{"level":"warn","message":"Ruta inexistente"}
{"level":"warn","message":"Ruta inexistente"}
{"level":"warn","message":"Ruta inexistente"}
{"level":"warn","message":"Ruta inexistente"}
{"level":"warn","message":"Ruta inexistente"}
{"level":"warn","message":"Ruta inexistente"}
{"level":"warn","message":"Ruta inexistente"}
{"level":"warn","message":"Ruta inexistente"}
{"level":"warn","message":"Ruta inexistente"}
{"level":"warn","message":"Ruta inexistente"}
{"level":"warn","message":"Ruta inexistente"}
{"level":"warn","message":"Ruta inexistente"}
{"level":"warn","message":"Ruta inexistente"}
{"level":"warn","message":"Ruta inexistente"}
{"level":"warn","message":"Ruta inexistente"}
{"level":"warn","message":"Ruta inexistente"}
{"level":"warn","message":"Ruta inexistente"}
{"level":"warn","message":"Ruta inexistente"}
{"level":"warn","message":"Ruta inexistente"}
{"level":"warn","message":"Ruta inexistente"}
{"level":"warn","message":"Ruta inexistente"}
{"level":"warn","message":"Ruta inexistente"}
{"level":"warn","message":"Ruta inexistente"}
{"level":"warn","message":"Ruta inexistente"}
{"level":"warn","message":"Ruta inexistente"}
{"level":"warn","message":"Ruta inexistente"}
{"level":"warn","message":"Ruta inexistente"}
{"level":"warn","message":"Ruta inexistente"}
{"level":"warn","message":"Ruta inexistente"}
{"level":"warn","message":"Ruta inexistente"}
{"level":"warn","message":"Ruta inexistente"}
{"level":"warn","message":"Ruta inexistente"}
{"level":"warn","message":"Ruta inexistente"}
{"level":"warn","message":"Ruta inexistente"}
{"level":"warn","message":"Ruta inexistente"}
{"level":"warn","message":"Ruta inexistente"}
{"level":"warn","message":"Ruta inexistente"}
{"level":"warn","message":"Ruta inexistente"}
{"level":"warn","message":"Ruta inexistente"}
{"level":"warn","message":"Ruta inexistente"}
{"level":"warn","message":"Ruta inexistente"}
{"level":"warn","message":"Ruta inexistente"}
{"level":"warn","message":"Ruta inexistente"}
{"level":"warn","message":"Ruta inexistente"}
{"level":"warn","message":"Ruta inexistente"}
{"level":"warn","message":"Ruta inexistente"}
{"level":"warn","message":"Ruta inexistente"}
{"level":"warn","message":"Ruta inexistente"}
{"level":"warn","message":"Ruta inexistente"}
{"level":"warn","message":"Ruta inexistente"}
{"level":"warn","message":"Ruta inexistente"}
{"level":"warn","message":"Ruta inexistente"}
{"level":"warn","message":"Ruta inexistente"}
{"level":"warn","message":"Ruta inexistente"}
{"level":"warn","message":"Ruta inexistente"}
{"level":"warn","message":"Ruta inexistente"}
{"level":"warn","message":"Ruta inexistente"}
{"level":"warn","message":"Ruta inexistente"}
{"level":"warn","message":"Ruta inexistente"}
{"level":"warn","message":"Ruta inexistente"}
{"level":"warn","message":"Ruta inexistente"}
{"level":"warn","message":"Ruta inexistente"}
{"level":"warn","message":"Ruta inexistente"}
{"level":"warn","message":"Ruta inexistente"}
{"level":"warn","message":"Ruta inexistente"}
{"level":"warn","message":"Ruta inexistente"}
{"level":"warn","message":"Ruta inexistente"}
{"level":"warn","message":"Ruta inexistente"}
{"level":"warn","message":"Ruta inexistente"}
{"level":"warn","message":"Ruta inexistente"}
{"level":"warn","message":"Ruta inexistente"}
{"level":"warn","message":"Ruta inexistente"}
{"level":"warn","message":"Ruta inexistente"}
{"level":"warn","message":"Ruta inexistente"}
{"level":"warn","message":"Ruta inexistente"}
{"level":"warn","message":"Ruta inexistente"}
{"level":"warn","message":"Ruta inexistente"}
{"level":"warn","message":"Ruta inexistente"}
{"level":"error","message":"Usuario inexistente"}
{"level":"error","message":"Contraseña incorrecta"}
{"level":"warn","message":"Ruta inexistente"}
{"level":"warn","message":"Ruta inexistente"}
{"level":"warn","message":"Ruta inexistente"}
{"level":"warn","message":"Ruta inexistente"}
{"level":"warn","message":"Ruta inexistente"}
{"level":"warn","message":"Ruta inexistente"}
{"level":"warn","message":"Ruta inexistente"}
{"level":"warn","message":"Ruta inexistente"}
{"level":"warn","message":"Ruta inexistente"}
{"level":"warn","message":"Ruta inexistente"}
{"level":"warn","message":"Ruta inexistente"}
{"level":"warn","message":"Ruta inexistente"}
{"level":"warn","message":"Ruta inexistente"}
{"level":"warn","message":"Ruta inexistente"}
{"level":"warn","message":"Ruta inexistente"}
{"level":"warn","message":"Ruta inexistente"}
{"level":"warn","message":"Ruta inexistente"}
{"level":"warn","message":"Ruta inexistente"}
{"level":"warn","message":"Ruta inexistente"}
{"level":"warn","message":"Ruta inexistente"}
{"level":"warn","message":"Ruta inexistente"}
{"level":"warn","message":"Ruta inexistente"}
{"level":"warn","message":"Ruta inexistente"}
{"level":"warn","message":"Ruta inexistente"}
{"level":"warn","message":"Ruta inexistente"}
{"level":"warn","message":"Ruta inexistente"}
{"level":"warn","message":"Ruta inexistente"}
{"level":"warn","message":"Ruta inexistente"}
{"level":"warn","message":"Ruta inexistente"}
{"level":"warn","message":"Ruta inexistente"}
{"level":"warn","message":"Ruta inexistente"}
{"level":"warn","message":"Ruta inexistente"}
{"level":"warn","message":"Ruta inexistente"}
{"level":"warn","message":"Ruta inexistente"}
{"level":"warn","message":"Ruta inexistente"}
{"level":"warn","message":"Ruta inexistente"}
{"level":"warn","message":"Ruta inexistente"}
{"level":"warn","message":"Ruta inexistente"}
{"level":"warn","message":"Ruta inexistente"}
{"level":"warn","message":"Ruta inexistente"}
{"level":"warn","message":"Ruta inexistente"}
{"level":"warn","message":"Ruta inexistente"}
{"level":"warn","message":"Ruta inexistente"}
{"level":"warn","message":"Ruta inexistente"}
{"level":"warn","message":"Ruta inexistente"}
{"level":"warn","message":"Ruta inexistente"}
{"level":"warn","message":"Ruta inexistente"}
{"level":"warn","message":"Ruta inexistente"}
{"level":"warn","message":"Ruta inexistente"}
{"level":"warn","message":"Ruta inexistente"}
{"level":"warn","message":"Ruta inexistente"}
{"level":"warn","message":"Ruta inexistente"}
{"level":"warn","message":"Ruta inexistente"}
{"level":"warn","message":"Ruta inexistente"}
{"level":"warn","message":"Ruta inexistente"}
{"level":"warn","message":"Ruta inexistente"}
{"level":"warn","message":"Ruta inexistente"}
{"level":"warn","message":"Ruta inexistente"}
{"level":"warn","message":"Ruta inexistente"}
{"level":"warn","message":"Ruta inexistente"}
{"level":"warn","message":"Ruta inexistente"}
{"level":"warn","message":"Ruta inexistente"}
{"level":"warn","message":"Ruta inexistente"}
{"level":"warn","message":"Ruta inexistente"}
{"level":"warn","message":"Ruta inexistente"}
{"level":"warn","message":"Ruta inexistente"}
{"level":"warn","message":"Ruta inexistente"}
{"level":"warn","message":"Ruta inexistente"}
{"level":"error","message":"Usuario inexistente"}
{"level":"warn","message":"Ruta inexistente"}
{"level":"warn","message":"Ruta inexistente"}
{"level":"warn","message":"Ruta inexistente"}
{"level":"warn","message":"Ruta inexistente"}
{"level":"warn","message":"Ruta inexistente"}
{"level":"warn","message":"Ruta inexistente"}
{"level":"warn","message":"Ruta inexistente"}
{"level":"warn","message":"Ruta inexistente"}
{"level":"warn","message":"Ruta inexistente"}
{"level":"warn","message":"Ruta inexistente"}
{"level":"warn","message":"Ruta inexistente"}
{"level":"warn","message":"Ruta inexistente"}
{"level":"warn","message":"Ruta inexistente"}
{"level":"warn","message":"Ruta inexistente"}
{"level":"warn","message":"Ruta inexistente"}
{"level":"warn","message":"Ruta inexistente"}
{"level":"warn","message":"Ruta inexistente"}
{"level":"warn","message":"Ruta inexistente"}
{"level":"warn","message":"Ruta inexistente"}
{"level":"warn","message":"Ruta inexistente"}
{"level":"warn","message":"Ruta inexistente"}
{"level":"warn","message":"Ruta inexistente"}
{"level":"warn","message":"Ruta inexistente"}
{"level":"warn","message":"Ruta inexistente"}
{"level":"warn","message":"Ruta inexistente"}
{"level":"warn","message":"Ruta inexistente"}
{"level":"warn","message":"Ruta inexistente"}
{"level":"warn","message":"Ruta inexistente"}
{"level":"error","message":"El nombre de usuario jorgitoo ya está tomado"}
